<?xml version="1.0" encoding="UTF-8"?>
<!-- Generated by org.testng.reporters.JUnitReportReporter -->
<testsuite hostname="DESKTOP-DBHECHF" failures="0" tests="5" name="runnerScripts.TC01_AddEmployee" time="129.615" errors="0" timestamp="2025-04-06T18:23:11 IST" skipped="0">
  <testcase classname="runnerScripts.TC01_AddEmployee" name="add_employee" time="24.020"/>
  <testcase classname="runnerScripts.TC01_AddEmployee" name="add_employee" time="33.645"/>
  <testcase classname="runnerScripts.TC01_AddEmployee" name="add_employee" time="23.588"/>
  <testcase classname="runnerScripts.TC01_AddEmployee" name="add_employee" time="25.348"/>
  <testcase classname="runnerScripts.TC01_AddEmployee" name="add_employee" time="23.014"/>
</testsuite> <!-- runnerScripts.TC01_AddEmployee -->
