<?xml version="1.0" encoding="UTF-8"?>
<!-- Generated by org.testng.reporters.JUnitReportReporter -->
<testsuite hostname="DESKTOP-DBHECHF" failures="0" tests="1" name="genericScripts.BasePage" time="15.932" errors="0" timestamp="2025-03-31T22:40:03 IST" skipped="0">
  <testcase classname="genericScripts.BasePage" name="test" time="15.932"/>
</testsuite> <!-- genericScripts.BasePage -->
